<?xml version="1.0" encoding="UTF-8"?>
<!-- Generated by org.testng.reporters.JUnitReportReporter -->
<testsuite ignored="0" hostname="DESKTOP-JEI5SMR" failures="0" tests="4" name="com.sriram.Maven_demo.DataProviderUsingString" time="39.834" errors="0" timestamp="03 Oct 2021 12:21:01 GMT" skipped="0">
  <testcase classname="com.sriram.Maven_demo.DataProviderUsingString" name="loginWebsite" time="8.661"/>
  <testcase classname="com.sriram.Maven_demo.DataProviderUsingString" name="loginWebsite" time="7.249"/>
  <testcase classname="com.sriram.Maven_demo.DataProviderUsingString" name="loginWebsite" time="15.298"/>
  <testcase classname="com.sriram.Maven_demo.DataProviderUsingString" name="loginWebsite" time="8.626"/>
</testsuite> <!-- com.sriram.Maven_demo.DataProviderUsingString -->
