<?xml version="1.0" encoding="UTF-8"?>
<!-- Generated by org.testng.reporters.JUnitReportReporter -->
<testsuite ignored="1" hostname="DESKTOP-JEI5SMR" failures="0" tests="3" name="com.sriram.Maven_demo.SuiteExampleBefore" time="22.096" errors="0" timestamp="01 Oct 2021 14:02:06 GMT" skipped="0">
  <testcase classname="com.sriram.Maven_demo.SuiteExampleBefore" name="openBing" time="10.980"/>
  <testcase classname="com.sriram.Maven_demo.SuiteExampleBefore" name="openYahoo" time="5.895"/>
  <testcase classname="com.sriram.Maven_demo.SuiteExampleBefore" name="openGoogle" time="5.221"/>
  <testcase classname="com.sriram.Maven_demo.SkipATestCase" name="musicOn">
    <skipped/>
  </testcase> <!-- musicOn -->
</testsuite> <!-- com.sriram.Maven_demo.SuiteExampleBefore -->
