<?xml version="1.0" encoding="UTF-8"?>
<!-- Generated by org.testng.reporters.JUnitReportReporter -->
<testsuite ignored="1" hostname="DESKTOP-JEI5SMR" failures="0" tests="2" name="com.sriram.Maven_demo.DependanciesManagment" time="0.023" errors="0" timestamp="02 Oct 2021 05:13:33 GMT" skipped="0">
  <testcase classname="com.sriram.Maven_demo.DependanciesManagment" name="higherSecondary" time="0.004"/>
  <testcase classname="com.sriram.Maven_demo.DependanciesManagment" name="highSchool" time="0.019"/>
  <testcase classname="com.sriram.Maven_demo.DependanciesManagment" name="engineering">
    <skipped/>
  </testcase> <!-- engineering -->
</testsuite> <!-- com.sriram.Maven_demo.DependanciesManagment -->
