<?xml version="1.0" encoding="UTF-8"?>
<!-- Generated by org.testng.reporters.JUnitReportReporter -->
<testsuite ignored="2" hostname="DESKTOP-JEI5SMR" failures="0" tests="5" name="com.sriram.Maven_demo.GroupingExample" time="12.966" errors="0" timestamp="01 Oct 2021 14:34:33 GMT" skipped="0">
  <testcase classname="com.sriram.Maven_demo.GroupingExample" name="apple10s" time="4.095"/>
  <testcase classname="com.sriram.Maven_demo.GroupingExample" name="apple6s" time="2.692"/>
  <testcase classname="com.sriram.Maven_demo.GroupingExample" name="apple13Pro" time="2.149"/>
  <testcase classname="com.sriram.Maven_demo.GroupingExample" name="vivoY13" time="2.286"/>
  <testcase classname="com.sriram.Maven_demo.GroupingExample" name="vivoZ1Pro" time="1.744"/>
  <testcase classname="com.sriram.Maven_demo.GroupingExample" name="motoZ">
    <skipped/>
  </testcase> <!-- motoZ -->
  <testcase classname="com.sriram.Maven_demo.GroupingExample" name="moto6">
    <skipped/>
  </testcase> <!-- moto6 -->
</testsuite> <!-- com.sriram.Maven_demo.GroupingExample -->
