<?xml version="1.0" encoding="UTF-8"?>
<!-- Generated by org.testng.reporters.JUnitReportReporter -->
<testsuite ignored="1" hostname="DESKTOP-JEI5SMR" failures="0" tests="5" name="com.sriram.Maven_demo.DriveACar" time="0.012" errors="0" timestamp="01 Oct 2021 14:02:06 GMT" skipped="0">
  <testcase classname="com.sriram.Maven_demo.DriveACar" name="putThreadGear" time="0.002"/>
  <testcase classname="com.sriram.Maven_demo.DriveACar" name="putFourthGear" time="0.001"/>
  <testcase classname="com.sriram.Maven_demo.DriveACar" name="putFirstGear" time="0.002"/>
  <testcase classname="com.sriram.Maven_demo.DriveACar" name="putsecondGear" time="0.005"/>
  <testcase classname="com.sriram.Maven_demo.DriveACar" name="startTheCar" time="0.002"/>
  <testcase classname="com.sriram.Maven_demo.SkipATestCase" name="musicOn">
    <skipped/>
  </testcase> <!-- musicOn -->
</testsuite> <!-- com.sriram.Maven_demo.DriveACar -->
