<?xml version="1.0" encoding="UTF-8"?>
<!-- Generated by org.testng.reporters.JUnitReportReporter -->
<testsuite ignored="0" hostname="DESKTOP-JEI5SMR" failures="0" tests="2" name="com.sriram.Maven_demo.ParamameterizationExample" time="0.017" errors="0" timestamp="01 Oct 2021 16:52:06 GMT" skipped="0">
  <testcase classname="com.sriram.Maven_demo.ParamameterizationExample" name="test02" time="0.002"/>
  <testcase classname="com.sriram.Maven_demo.ParamameterizationExample" name="test01" time="0.015"/>
</testsuite> <!-- com.sriram.Maven_demo.ParamameterizationExample -->
