<?xml version="1.0" encoding="UTF-8"?>
<!-- Generated by org.testng.reporters.JUnitReportReporter -->
<testsuite ignored="2" hostname="DESKTOP-JEI5SMR" failures="0" tests="1" name="com.sriram.Maven_demo.Ab" time="0.021" errors="0" timestamp="09 Oct 2021 15:44:42 GMT" skipped="0">
  <testcase classname="com.sriram.Maven_demo.Ab" name="javaB" time="0.021"/>
  <testcase classname="com.sriram.Maven_demo.Ab" name="forHashMapTest">
    <skipped/>
  </testcase> <!-- forHashMapTest -->
  <testcase classname="com.sriram.Maven_demo.Ab" name="forExceptionsTest">
    <skipped/>
  </testcase> <!-- forExceptionsTest -->
</testsuite> <!-- com.sriram.Maven_demo.Ab -->
