<?xml version="1.0" encoding="UTF-8"?>
<!-- Generated by org.testng.reporters.JUnitReportReporter -->
<testsuite ignored="0" hostname="DESKTOP-JEI5SMR" failures="0" tests="3" name="com.sriram.Maven_demo.TestNG_Trial" time="4.709" errors="0" timestamp="01 Oct 2021 12:29:40 GMT" skipped="0">
  <testcase classname="com.sriram.Maven_demo.TestNG_Trial" name="openGoogle" time="2.230"/>
  <testcase classname="com.sriram.Maven_demo.TestNG_Trial" name="openYahoo" time="1.905"/>
  <testcase classname="com.sriram.Maven_demo.TestNG_Trial" name="openBing" time="0.574"/>
</testsuite> <!-- com.sriram.Maven_demo.TestNG_Trial -->
