<?xml version="1.0" encoding="UTF-8"?>
<!-- Generated by org.testng.reporters.JUnitReportReporter -->
<testsuite ignored="0" hostname="DESKTOP-JEI5SMR" failures="0" tests="2" name="com.sriram.Maven_demo.ParallelTesting" time="10.733" errors="0" timestamp="01 Oct 2021 17:11:54 GMT" skipped="0">
  <testcase classname="com.sriram.Maven_demo.ParallelTesting" name="openGoogle" time="5.546"/>
  <testcase classname="com.sriram.Maven_demo.ParallelTesting" name="openYahoo" time="5.187"/>
</testsuite> <!-- com.sriram.Maven_demo.ParallelTesting -->
